[0.014s] Invoking command in '/ai_car_ws/src/ai_car_description/build/ai_car_description': CMAKE_PREFIX_PATH=/opt/ros/humble /usr/bin/cmake /ai_car_ws/src/ai_car_description -DCMAKE_INSTALL_PREFIX=/ai_car_ws/src/ai_car_description/install/ai_car_description
[0.089s] -- The C compiler identification is GNU 11.4.0
[0.155s] -- The CXX compiler identification is GNU 11.4.0
[0.165s] -- Detecting C compiler ABI info
[0.257s] -- Detecting C compiler ABI info - done
[0.274s] -- Check for working C compiler: /usr/bin/cc - skipped
[0.274s] -- Detecting C compile features
[0.275s] -- Detecting C compile features - done
[0.282s] -- Detecting CXX compiler ABI info
[0.389s] -- Detecting CXX compiler ABI info - done
[0.406s] -- Check for working CXX compiler: /usr/bin/c++ - skipped
[0.407s] -- Detecting CXX compile features
[0.409s] -- Detecting CXX compile features - done
[0.419s] -- Found ament_cmake: 1.3.12 (/opt/ros/humble/share/ament_cmake/cmake)
[0.610s] -- Found Python3: /usr/bin/python3 (found version "3.10.12") found components: Interpreter 
[0.722s] -- Found ament_lint_auto: 0.12.14 (/opt/ros/humble/share/ament_lint_auto/cmake)
[0.809s] -- Added test 'cppcheck' to perform static code analysis on C / C++ code
[0.810s] -- Configured cppcheck include dirs: 
[0.810s] -- Configured cppcheck exclude dirs and/or files: 
[0.811s] -- Added test 'flake8' to check Python code syntax and style conventions
[0.814s] -- Added test 'lint_cmake' to check CMake code style
[0.816s] -- Added test 'pep257' to check Python code against some of the docstring style conventions in PEP 257
[0.827s] -- Added test 'uncrustify' to check C / C++ code style
[0.827s] -- Configured uncrustify additional arguments: 
[0.829s] -- Added test 'xmllint' to check XML markup files
[0.830s] -- Configuring done
[0.834s] -- Generating done
[0.837s] -- Build files have been written to: /ai_car_ws/src/ai_car_description/build/ai_car_description
[0.841s] Invoked command in '/ai_car_ws/src/ai_car_description/build/ai_car_description' returned '0': CMAKE_PREFIX_PATH=/opt/ros/humble /usr/bin/cmake /ai_car_ws/src/ai_car_description -DCMAKE_INSTALL_PREFIX=/ai_car_ws/src/ai_car_description/install/ai_car_description
[0.844s] Invoking command in '/ai_car_ws/src/ai_car_description/build/ai_car_description': CMAKE_PREFIX_PATH=/opt/ros/humble /usr/bin/cmake --build /ai_car_ws/src/ai_car_description/build/ai_car_description -- -j16 -l16
[0.891s] Invoked command in '/ai_car_ws/src/ai_car_description/build/ai_car_description' returned '0': CMAKE_PREFIX_PATH=/opt/ros/humble /usr/bin/cmake --build /ai_car_ws/src/ai_car_description/build/ai_car_description -- -j16 -l16
[0.912s] Invoking command in '/ai_car_ws/src/ai_car_description/build/ai_car_description': CMAKE_PREFIX_PATH=/opt/ros/humble /usr/bin/cmake --install /ai_car_ws/src/ai_car_description/build/ai_car_description
[0.919s] -- Install configuration: ""
[0.919s] -- Installing: /ai_car_ws/src/ai_car_description/install/ai_car_description/share/ament_index/resource_index/package_run_dependencies/ai_car_description
[0.920s] -- Installing: /ai_car_ws/src/ai_car_description/install/ai_car_description/share/ament_index/resource_index/parent_prefix_path/ai_car_description
[0.920s] -- Installing: /ai_car_ws/src/ai_car_description/install/ai_car_description/share/ai_car_description/environment/ament_prefix_path.sh
[0.920s] -- Installing: /ai_car_ws/src/ai_car_description/install/ai_car_description/share/ai_car_description/environment/ament_prefix_path.dsv
[0.920s] -- Installing: /ai_car_ws/src/ai_car_description/install/ai_car_description/share/ai_car_description/environment/path.sh
[0.921s] -- Installing: /ai_car_ws/src/ai_car_description/install/ai_car_description/share/ai_car_description/environment/path.dsv
[0.921s] -- Installing: /ai_car_ws/src/ai_car_description/install/ai_car_description/share/ai_car_description/local_setup.bash
[0.921s] -- Installing: /ai_car_ws/src/ai_car_description/install/ai_car_description/share/ai_car_description/local_setup.sh
[0.922s] -- Installing: /ai_car_ws/src/ai_car_description/install/ai_car_description/share/ai_car_description/local_setup.zsh
[0.922s] -- Installing: /ai_car_ws/src/ai_car_description/install/ai_car_description/share/ai_car_description/local_setup.dsv
[0.922s] -- Installing: /ai_car_ws/src/ai_car_description/install/ai_car_description/share/ai_car_description/package.dsv
[0.922s] -- Installing: /ai_car_ws/src/ai_car_description/install/ai_car_description/share/ament_index/resource_index/packages/ai_car_description
[0.923s] -- Installing: /ai_car_ws/src/ai_car_description/install/ai_car_description/share/ai_car_description/cmake/ai_car_descriptionConfig.cmake
[0.923s] -- Installing: /ai_car_ws/src/ai_car_description/install/ai_car_description/share/ai_car_description/cmake/ai_car_descriptionConfig-version.cmake
[0.923s] -- Installing: /ai_car_ws/src/ai_car_description/install/ai_car_description/share/ai_car_description/package.xml
[0.926s] Invoked command in '/ai_car_ws/src/ai_car_description/build/ai_car_description' returned '0': CMAKE_PREFIX_PATH=/opt/ros/humble /usr/bin/cmake --install /ai_car_ws/src/ai_car_description/build/ai_car_description
