[0.102s] DEBUG:colcon:Command line arguments: ['/usr/bin/colcon', 'build', '--symlink-install']
[0.102s] DEBUG:colcon:Parsed command line arguments: Namespace(log_base=None, log_level=None, verb_name='build', build_base='build', install_base='install', merge_install=False, symlink_install=True, test_result_base=None, continue_on_error=False, executor='parallel', parallel_workers=16, event_handlers=None, ignore_user_meta=False, metas=['./colcon.meta'], base_paths=['.'], packages_ignore=None, packages_ignore_regex=None, paths=None, packages_up_to=None, packages_up_to_regex=None, packages_above=None, packages_above_and_dependencies=None, packages_above_depth=None, packages_select_by_dep=None, packages_skip_by_dep=None, packages_skip_up_to=None, packages_select_build_failed=False, packages_skip_build_finished=False, packages_select_test_failures=False, packages_skip_test_passed=False, packages_select=None, packages_skip=None, packages_select_regex=None, packages_skip_regex=None, packages_start=None, packages_end=None, cmake_args=None, cmake_target=None, cmake_target_skip_unavailable=False, cmake_clean_cache=False, cmake_clean_first=False, cmake_force_configure=False, ament_cmake_args=None, catkin_cmake_args=None, catkin_skip_building_tests=False, mixin_files=None, mixin=None, verb_parser=<colcon_mixin.mixin.mixin_argument.MixinArgumentDecorator object at 0x7b0a3e3c3820>, verb_extension=<colcon_core.verb.build.BuildVerb object at 0x7b0a3e5ec820>, main=<bound method BuildVerb.main of <colcon_core.verb.build.BuildVerb object at 0x7b0a3e5ec820>>, mixin_verb=('build',))
[0.225s] Level 1:colcon.colcon_core.package_discovery:discover_packages(colcon_meta) check parameters
[0.226s] INFO:colcon.colcon_metadata.package_discovery.colcon_meta:Using configuration from '/root/.colcon/metadata/default/Gazebo.meta'
[0.226s] INFO:colcon.colcon_metadata.package_discovery.colcon_meta:Using configuration from '/root/.colcon/metadata/default/fastdds.meta'
[0.227s] INFO:colcon.colcon_metadata.package_discovery.colcon_meta:Using configuration from '/root/.colcon/metadata/default/fastrtps.meta'
[0.227s] Level 1:colcon.colcon_core.package_discovery:discover_packages(recursive) check parameters
[0.227s] Level 1:colcon.colcon_core.package_discovery:discover_packages(ignore) check parameters
[0.227s] Level 1:colcon.colcon_core.package_discovery:discover_packages(path) check parameters
[0.227s] Level 1:colcon.colcon_core.package_discovery:discover_packages(colcon_meta) discover
[0.227s] Level 1:colcon.colcon_core.package_discovery:discover_packages(recursive) discover
[0.227s] INFO:colcon.colcon_core.package_discovery:Crawling recursively for packages in '/ros2_ws/src/parameters'
[0.227s] Level 1:colcon.colcon_core.package_identification:_identify(.) by extensions ['ignore', 'ignore_ament_install']
[0.227s] Level 1:colcon.colcon_core.package_identification:_identify(.) by extension 'ignore'
[0.227s] Level 1:colcon.colcon_core.package_identification:_identify(.) by extension 'ignore_ament_install'
[0.227s] Level 1:colcon.colcon_core.package_identification:_identify(.) by extensions ['colcon_pkg']
[0.227s] Level 1:colcon.colcon_core.package_identification:_identify(.) by extension 'colcon_pkg'
[0.227s] Level 1:colcon.colcon_core.package_identification:_identify(.) by extensions ['colcon_meta']
[0.227s] Level 1:colcon.colcon_core.package_identification:_identify(.) by extension 'colcon_meta'
[0.227s] Level 1:colcon.colcon_core.package_identification:_identify(.) by extensions ['ros']
[0.227s] Level 1:colcon.colcon_core.package_identification:_identify(.) by extension 'ros'
[0.239s] DEBUG:colcon.colcon_core.package_identification:Package '.' with type 'ros.ament_python' and name 'parameters'
[0.240s] Level 1:colcon.colcon_core.package_discovery:discover_packages(recursive) using defaults
[0.240s] Level 1:colcon.colcon_core.package_discovery:discover_packages(ignore) discover
[0.240s] Level 1:colcon.colcon_core.package_discovery:discover_packages(ignore) using defaults
[0.240s] Level 1:colcon.colcon_core.package_discovery:discover_packages(path) discover
[0.240s] Level 1:colcon.colcon_core.package_discovery:discover_packages(path) using defaults
[0.257s] Level 5:colcon.colcon_core.verb:set package 'parameters' build argument 'cmake_args' from command line to 'None'
[0.257s] Level 5:colcon.colcon_core.verb:set package 'parameters' build argument 'cmake_target' from command line to 'None'
[0.257s] Level 5:colcon.colcon_core.verb:set package 'parameters' build argument 'cmake_target_skip_unavailable' from command line to 'False'
[0.257s] Level 5:colcon.colcon_core.verb:set package 'parameters' build argument 'cmake_clean_cache' from command line to 'False'
[0.257s] Level 5:colcon.colcon_core.verb:set package 'parameters' build argument 'cmake_clean_first' from command line to 'False'
[0.257s] Level 5:colcon.colcon_core.verb:set package 'parameters' build argument 'cmake_force_configure' from command line to 'False'
[0.257s] Level 5:colcon.colcon_core.verb:set package 'parameters' build argument 'ament_cmake_args' from command line to 'None'
[0.257s] Level 5:colcon.colcon_core.verb:set package 'parameters' build argument 'catkin_cmake_args' from command line to 'None'
[0.257s] Level 5:colcon.colcon_core.verb:set package 'parameters' build argument 'catkin_skip_building_tests' from command line to 'False'
[0.257s] DEBUG:colcon.colcon_core.verb:Building package 'parameters' with the following arguments: {'ament_cmake_args': None, 'build_base': '/ros2_ws/src/parameters/build/parameters', 'catkin_cmake_args': None, 'catkin_skip_building_tests': False, 'cmake_args': None, 'cmake_clean_cache': False, 'cmake_clean_first': False, 'cmake_force_configure': False, 'cmake_target': None, 'cmake_target_skip_unavailable': False, 'install_base': '/ros2_ws/src/parameters/install/parameters', 'merge_install': False, 'path': '/ros2_ws/src/parameters', 'symlink_install': True, 'test_result_base': None}
[0.257s] INFO:colcon.colcon_core.executor:Executing jobs using 'parallel' executor
[0.258s] DEBUG:colcon.colcon_parallel_executor.executor.parallel:run_until_complete
[0.258s] INFO:colcon.colcon_ros.task.ament_python.build:Building ROS package in '/ros2_ws/src/parameters' with build type 'ament_python'
[0.258s] Level 1:colcon.colcon_core.shell:create_environment_hook('parameters', 'ament_prefix_path')
[0.261s] INFO:colcon.colcon_core.plugin_system:Skipping extension 'colcon_core.shell.bat': Not used on non-Windows systems
[0.261s] INFO:colcon.colcon_core.shell:Creating environment hook '/ros2_ws/src/parameters/install/parameters/share/parameters/hook/ament_prefix_path.ps1'
[0.261s] INFO:colcon.colcon_core.shell:Creating environment descriptor '/ros2_ws/src/parameters/install/parameters/share/parameters/hook/ament_prefix_path.dsv'
[0.262s] INFO:colcon.colcon_core.shell:Creating environment hook '/ros2_ws/src/parameters/install/parameters/share/parameters/hook/ament_prefix_path.sh'
[0.263s] INFO:colcon.colcon_core.shell:Skip shell extension 'powershell' for command environment: Not usable outside of PowerShell
[0.263s] DEBUG:colcon.colcon_core.shell:Skip shell extension 'dsv' for command environment
[0.486s] INFO:colcon.colcon_core.task.python.build:Building Python package in '/ros2_ws/src/parameters'
[0.487s] INFO:colcon.colcon_core.shell:Skip shell extension 'powershell' for command environment: Not usable outside of PowerShell
[0.487s] DEBUG:colcon.colcon_core.shell:Skip shell extension 'dsv' for command environment
[0.771s] DEBUG:colcon.colcon_core.task.python.build:While undoing a previous installation files outside the Python library path are being ignored: /ros2_ws/src/parameters/install/parameters/share/ament_index/resource_index/packages/parameters
[0.772s] DEBUG:colcon.colcon_core.task.python.build:While undoing a previous installation files outside the Python library path are being ignored: /ros2_ws/src/parameters/install/parameters/share/parameters/package.xml
[0.772s] DEBUG:colcon.colcon_core.task.python.build:While undoing a previous installation files outside the Python library path are being ignored: /ros2_ws/src/parameters/install/parameters/lib/parameters/turtle_param_node
[0.778s] DEBUG:colcon.colcon_core.event_handler.log_command:Invoking command in '/ros2_ws/src/parameters/build/parameters': PYTHONPATH=/ros2_ws/src/parameters/build/parameters/prefix_override:/usr/lib/python3/dist-packages/colcon_core/task/python/colcon_distutils_commands:/ros2_ws/src/parameters/install/parameters/lib/python3.10/site-packages:${PYTHONPATH} /usr/bin/python3 -W ignore:setup.py install is deprecated -W ignore:easy_install command is deprecated setup.py develop --editable --build-directory /ros2_ws/src/parameters/build/parameters/build --no-deps symlink_data --force
[1.129s] Level 1:colcon.colcon_core.shell:create_environment_hook('parameters', 'pythonpath_develop')
[1.130s] INFO:colcon.colcon_core.shell:Creating environment hook '/ros2_ws/src/parameters/build/parameters/share/parameters/hook/pythonpath_develop.ps1'
[1.130s] DEBUG:colcon.colcon_core.event_handler.log_command:Invoked command in '/ros2_ws/src/parameters/build/parameters' returned '0': PYTHONPATH=/ros2_ws/src/parameters/build/parameters/prefix_override:/usr/lib/python3/dist-packages/colcon_core/task/python/colcon_distutils_commands:/ros2_ws/src/parameters/install/parameters/lib/python3.10/site-packages:${PYTHONPATH} /usr/bin/python3 -W ignore:setup.py install is deprecated -W ignore:easy_install command is deprecated setup.py develop --editable --build-directory /ros2_ws/src/parameters/build/parameters/build --no-deps symlink_data --force
[1.131s] INFO:colcon.colcon_core.shell:Creating environment descriptor '/ros2_ws/src/parameters/build/parameters/share/parameters/hook/pythonpath_develop.dsv'
[1.132s] INFO:colcon.colcon_core.shell:Creating environment hook '/ros2_ws/src/parameters/build/parameters/share/parameters/hook/pythonpath_develop.sh'
[1.137s] Level 1:colcon.colcon_core.environment:checking '/ros2_ws/src/parameters/install/parameters' for CMake module files
[1.137s] Level 1:colcon.colcon_core.environment:checking '/ros2_ws/src/parameters/install/parameters' for CMake config files
[1.139s] Level 1:colcon.colcon_core.environment:checking '/ros2_ws/src/parameters/install/parameters/lib'
[1.139s] Level 1:colcon.colcon_core.environment:checking '/ros2_ws/src/parameters/install/parameters/bin'
[1.139s] Level 1:colcon.colcon_core.environment:checking '/ros2_ws/src/parameters/install/parameters/lib/pkgconfig/parameters.pc'
[1.139s] Level 1:colcon.colcon_core.environment:checking '/ros2_ws/src/parameters/install/parameters/lib/python3.10/site-packages'
[1.140s] Level 1:colcon.colcon_core.shell:create_environment_hook('parameters', 'pythonpath')
[1.140s] INFO:colcon.colcon_core.shell:Creating environment hook '/ros2_ws/src/parameters/install/parameters/share/parameters/hook/pythonpath.ps1'
[1.141s] INFO:colcon.colcon_core.shell:Creating environment descriptor '/ros2_ws/src/parameters/install/parameters/share/parameters/hook/pythonpath.dsv'
[1.142s] INFO:colcon.colcon_core.shell:Creating environment hook '/ros2_ws/src/parameters/install/parameters/share/parameters/hook/pythonpath.sh'
[1.142s] Level 1:colcon.colcon_core.environment:checking '/ros2_ws/src/parameters/install/parameters/bin'
[1.143s] Level 1:colcon.colcon_core.environment:create_environment_scripts_only(parameters)
[1.143s] INFO:colcon.colcon_core.shell:Creating package script '/ros2_ws/src/parameters/install/parameters/share/parameters/package.ps1'
[1.145s] INFO:colcon.colcon_core.shell:Creating package descriptor '/ros2_ws/src/parameters/install/parameters/share/parameters/package.dsv'
[1.146s] INFO:colcon.colcon_core.shell:Creating package script '/ros2_ws/src/parameters/install/parameters/share/parameters/package.sh'
[1.147s] INFO:colcon.colcon_core.shell:Creating package script '/ros2_ws/src/parameters/install/parameters/share/parameters/package.bash'
[1.149s] INFO:colcon.colcon_core.shell:Creating package script '/ros2_ws/src/parameters/install/parameters/share/parameters/package.zsh'
[1.150s] Level 1:colcon.colcon_core.environment:create_file_with_runtime_dependencies(/ros2_ws/src/parameters/install/parameters/share/colcon-core/packages/parameters)
[1.150s] DEBUG:colcon.colcon_parallel_executor.executor.parallel:closing loop
[1.151s] DEBUG:colcon.colcon_parallel_executor.executor.parallel:loop closed
[1.151s] DEBUG:colcon.colcon_parallel_executor.executor.parallel:run_until_complete finished with '0'
[1.151s] DEBUG:colcon.colcon_core.event_reactor:joining thread
[1.164s] INFO:colcon.colcon_core.plugin_system:Skipping extension 'colcon_notification.desktop_notification.notify_send': Could not find 'notify-send'
[1.165s] INFO:colcon.colcon_core.plugin_system:Skipping extension 'colcon_notification.desktop_notification.terminal_notifier': Not used on non-Darwin systems
[1.165s] INFO:colcon.colcon_core.plugin_system:Skipping extension 'colcon_notification.desktop_notification.win32': Not used on non-Windows systems
[1.165s] INFO:colcon.colcon_notification.desktop_notification:Sending desktop notification using 'notify2'
[1.174s] DEBUG:colcon.colcon_notification.desktop_notification.notify2:Failed to initialize notify2: org.freedesktop.DBus.Error.Spawn.ExecFailed: /usr/bin/dbus-launch terminated abnormally without any error message
[1.175s] DEBUG:colcon.colcon_core.event_reactor:joined thread
[1.176s] INFO:colcon.colcon_core.shell:Creating prefix script '/ros2_ws/src/parameters/install/local_setup.ps1'
[1.180s] INFO:colcon.colcon_core.shell:Creating prefix util module '/ros2_ws/src/parameters/install/_local_setup_util_ps1.py'
[1.183s] INFO:colcon.colcon_core.shell:Creating prefix chain script '/ros2_ws/src/parameters/install/setup.ps1'
[1.186s] INFO:colcon.colcon_core.shell:Creating prefix script '/ros2_ws/src/parameters/install/local_setup.sh'
[1.188s] INFO:colcon.colcon_core.shell:Creating prefix util module '/ros2_ws/src/parameters/install/_local_setup_util_sh.py'
[1.189s] INFO:colcon.colcon_core.shell:Creating prefix chain script '/ros2_ws/src/parameters/install/setup.sh'
[1.192s] INFO:colcon.colcon_core.shell:Creating prefix script '/ros2_ws/src/parameters/install/local_setup.bash'
[1.193s] INFO:colcon.colcon_core.shell:Creating prefix chain script '/ros2_ws/src/parameters/install/setup.bash'
[1.196s] INFO:colcon.colcon_core.shell:Creating prefix script '/ros2_ws/src/parameters/install/local_setup.zsh'
[1.197s] INFO:colcon.colcon_core.shell:Creating prefix chain script '/ros2_ws/src/parameters/install/setup.zsh'
