running egg_info
creating build/parameters/parameters.egg-info
writing build/parameters/parameters.egg-info/PKG-INFO
writing dependency_links to build/parameters/parameters.egg-info/dependency_links.txt
writing entry points to build/parameters/parameters.egg-info/entry_points.txt
writing requirements to build/parameters/parameters.egg-info/requires.txt
writing top-level names to build/parameters/parameters.egg-info/top_level.txt
writing manifest file 'build/parameters/parameters.egg-info/SOURCES.txt'
reading manifest file 'build/parameters/parameters.egg-info/SOURCES.txt'
writing manifest file 'build/parameters/parameters.egg-info/SOURCES.txt'
running build
running build_py
creating /ros2_ws/src/parameters/build/parameters/build
creating /ros2_ws/src/parameters/build/parameters/build/lib
creating /ros2_ws/src/parameters/build/parameters/build/lib/parameters
copying parameters/__init__.py -> /ros2_ws/src/parameters/build/parameters/build/lib/parameters
running install
running install_lib
creating /ros2_ws/src/parameters/install/parameters/lib/python3.10/site-packages/parameters
copying /ros2_ws/src/parameters/build/parameters/build/lib/parameters/__init__.py -> /ros2_ws/src/parameters/install/parameters/lib/python3.10/site-packages/parameters
byte-compiling /ros2_ws/src/parameters/install/parameters/lib/python3.10/site-packages/parameters/__init__.py to __init__.cpython-310.pyc
running install_data
creating /ros2_ws/src/parameters/install/parameters/share/ament_index
creating /ros2_ws/src/parameters/install/parameters/share/ament_index/resource_index
creating /ros2_ws/src/parameters/install/parameters/share/ament_index/resource_index/packages
copying resource/parameters -> /ros2_ws/src/parameters/install/parameters/share/ament_index/resource_index/packages
copying package.xml -> /ros2_ws/src/parameters/install/parameters/share/parameters
running install_egg_info
Copying build/parameters/parameters.egg-info to /ros2_ws/src/parameters/install/parameters/lib/python3.10/site-packages/parameters-0.0.0-py3.10.egg-info
running install_scripts
Installing turtle_param_node script to /ros2_ws/src/parameters/install/parameters/lib/parameters
writing list of installed files to '/ros2_ws/src/parameters/build/parameters/install.log'
