[0.097s] DEBUG:colcon:Command line arguments: ['/usr/bin/colcon', 'build', '--symlink-install']
[0.097s] DEBUG:colcon:Parsed command line arguments: Namespace(log_base=None, log_level=None, verb_name='build', build_base='build', install_base='install', merge_install=False, symlink_install=True, test_result_base=None, continue_on_error=False, executor='parallel', parallel_workers=16, event_handlers=None, ignore_user_meta=False, metas=['./colcon.meta'], base_paths=['.'], packages_ignore=None, packages_ignore_regex=None, paths=None, packages_up_to=None, packages_up_to_regex=None, packages_above=None, packages_above_and_dependencies=None, packages_above_depth=None, packages_select_by_dep=None, packages_skip_by_dep=None, packages_skip_up_to=None, packages_select_build_failed=False, packages_skip_build_finished=False, packages_select_test_failures=False, packages_skip_test_passed=False, packages_select=None, packages_skip=None, packages_select_regex=None, packages_skip_regex=None, packages_start=None, packages_end=None, cmake_args=None, cmake_target=None, cmake_target_skip_unavailable=False, cmake_clean_cache=False, cmake_clean_first=False, cmake_force_configure=False, ament_cmake_args=None, catkin_cmake_args=None, catkin_skip_building_tests=False, mixin_files=None, mixin=None, verb_parser=<colcon_mixin.mixin.mixin_argument.MixinArgumentDecorator object at 0x7ceeecd1b610>, verb_extension=<colcon_core.verb.build.BuildVerb object at 0x7ceeecf48610>, main=<bound method BuildVerb.main of <colcon_core.verb.build.BuildVerb object at 0x7ceeecf48610>>, mixin_verb=('build',))
[0.213s] Level 1:colcon.colcon_core.package_discovery:discover_packages(colcon_meta) check parameters
[0.213s] INFO:colcon.colcon_metadata.package_discovery.colcon_meta:Using configuration from '/root/.colcon/metadata/default/Gazebo.meta'
[0.214s] INFO:colcon.colcon_metadata.package_discovery.colcon_meta:Using configuration from '/root/.colcon/metadata/default/fastdds.meta'
[0.214s] INFO:colcon.colcon_metadata.package_discovery.colcon_meta:Using configuration from '/root/.colcon/metadata/default/fastrtps.meta'
[0.214s] Level 1:colcon.colcon_core.package_discovery:discover_packages(recursive) check parameters
[0.214s] Level 1:colcon.colcon_core.package_discovery:discover_packages(ignore) check parameters
[0.214s] Level 1:colcon.colcon_core.package_discovery:discover_packages(path) check parameters
[0.214s] Level 1:colcon.colcon_core.package_discovery:discover_packages(colcon_meta) discover
[0.214s] Level 1:colcon.colcon_core.package_discovery:discover_packages(recursive) discover
[0.214s] INFO:colcon.colcon_core.package_discovery:Crawling recursively for packages in '/root/src/my_ros2_pkg'
[0.214s] Level 1:colcon.colcon_core.package_identification:_identify(.) by extensions ['ignore', 'ignore_ament_install']
[0.214s] Level 1:colcon.colcon_core.package_identification:_identify(.) by extension 'ignore'
[0.214s] Level 1:colcon.colcon_core.package_identification:_identify(.) by extension 'ignore_ament_install'
[0.214s] Level 1:colcon.colcon_core.package_identification:_identify(.) by extensions ['colcon_pkg']
[0.214s] Level 1:colcon.colcon_core.package_identification:_identify(.) by extension 'colcon_pkg'
[0.214s] Level 1:colcon.colcon_core.package_identification:_identify(.) by extensions ['colcon_meta']
[0.214s] Level 1:colcon.colcon_core.package_identification:_identify(.) by extension 'colcon_meta'
[0.214s] Level 1:colcon.colcon_core.package_identification:_identify(.) by extensions ['ros']
[0.214s] Level 1:colcon.colcon_core.package_identification:_identify(.) by extension 'ros'
[0.226s] DEBUG:colcon.colcon_core.package_identification:Package '.' with type 'ros.ament_python' and name 'my_ros2_pkg'
[0.226s] Level 1:colcon.colcon_core.package_discovery:discover_packages(recursive) using defaults
[0.226s] Level 1:colcon.colcon_core.package_discovery:discover_packages(ignore) discover
[0.226s] Level 1:colcon.colcon_core.package_discovery:discover_packages(ignore) using defaults
[0.226s] Level 1:colcon.colcon_core.package_discovery:discover_packages(path) discover
[0.226s] Level 1:colcon.colcon_core.package_discovery:discover_packages(path) using defaults
[0.242s] Level 5:colcon.colcon_core.verb:set package 'my_ros2_pkg' build argument 'cmake_args' from command line to 'None'
[0.242s] Level 5:colcon.colcon_core.verb:set package 'my_ros2_pkg' build argument 'cmake_target' from command line to 'None'
[0.242s] Level 5:colcon.colcon_core.verb:set package 'my_ros2_pkg' build argument 'cmake_target_skip_unavailable' from command line to 'False'
[0.242s] Level 5:colcon.colcon_core.verb:set package 'my_ros2_pkg' build argument 'cmake_clean_cache' from command line to 'False'
[0.242s] Level 5:colcon.colcon_core.verb:set package 'my_ros2_pkg' build argument 'cmake_clean_first' from command line to 'False'
[0.242s] Level 5:colcon.colcon_core.verb:set package 'my_ros2_pkg' build argument 'cmake_force_configure' from command line to 'False'
[0.242s] Level 5:colcon.colcon_core.verb:set package 'my_ros2_pkg' build argument 'ament_cmake_args' from command line to 'None'
[0.242s] Level 5:colcon.colcon_core.verb:set package 'my_ros2_pkg' build argument 'catkin_cmake_args' from command line to 'None'
[0.242s] Level 5:colcon.colcon_core.verb:set package 'my_ros2_pkg' build argument 'catkin_skip_building_tests' from command line to 'False'
[0.242s] DEBUG:colcon.colcon_core.verb:Building package 'my_ros2_pkg' with the following arguments: {'ament_cmake_args': None, 'build_base': '/root/src/my_ros2_pkg/build/my_ros2_pkg', 'catkin_cmake_args': None, 'catkin_skip_building_tests': False, 'cmake_args': None, 'cmake_clean_cache': False, 'cmake_clean_first': False, 'cmake_force_configure': False, 'cmake_target': None, 'cmake_target_skip_unavailable': False, 'install_base': '/root/src/my_ros2_pkg/install/my_ros2_pkg', 'merge_install': False, 'path': '/root/src/my_ros2_pkg', 'symlink_install': True, 'test_result_base': None}
[0.242s] INFO:colcon.colcon_core.executor:Executing jobs using 'parallel' executor
[0.243s] DEBUG:colcon.colcon_parallel_executor.executor.parallel:run_until_complete
[0.243s] INFO:colcon.colcon_ros.task.ament_python.build:Building ROS package in '/root/src/my_ros2_pkg' with build type 'ament_python'
[0.243s] Level 1:colcon.colcon_core.shell:create_environment_hook('my_ros2_pkg', 'ament_prefix_path')
[0.246s] INFO:colcon.colcon_core.plugin_system:Skipping extension 'colcon_core.shell.bat': Not used on non-Windows systems
[0.246s] INFO:colcon.colcon_core.shell:Creating environment hook '/root/src/my_ros2_pkg/install/my_ros2_pkg/share/my_ros2_pkg/hook/ament_prefix_path.ps1'
[0.246s] INFO:colcon.colcon_core.shell:Creating environment descriptor '/root/src/my_ros2_pkg/install/my_ros2_pkg/share/my_ros2_pkg/hook/ament_prefix_path.dsv'
[0.247s] INFO:colcon.colcon_core.shell:Creating environment hook '/root/src/my_ros2_pkg/install/my_ros2_pkg/share/my_ros2_pkg/hook/ament_prefix_path.sh'
[0.247s] INFO:colcon.colcon_core.shell:Skip shell extension 'powershell' for command environment: Not usable outside of PowerShell
[0.247s] DEBUG:colcon.colcon_core.shell:Skip shell extension 'dsv' for command environment
[0.444s] INFO:colcon.colcon_core.task.python.build:Building Python package in '/root/src/my_ros2_pkg'
[0.445s] INFO:colcon.colcon_core.shell:Skip shell extension 'powershell' for command environment: Not usable outside of PowerShell
[0.445s] DEBUG:colcon.colcon_core.shell:Skip shell extension 'dsv' for command environment
[0.717s] DEBUG:colcon.colcon_core.task.python.build:While undoing a previous installation files outside the Python library path are being ignored: /root/src/my_ros2_pkg/install/my_ros2_pkg/share/ament_index/resource_index/packages/my_ros2_pkg
[0.717s] DEBUG:colcon.colcon_core.task.python.build:While undoing a previous installation files outside the Python library path are being ignored: /root/src/my_ros2_pkg/install/my_ros2_pkg/share/my_ros2_pkg/package.xml
[0.718s] DEBUG:colcon.colcon_core.task.python.build:While undoing a previous installation files outside the Python library path are being ignored: /root/src/my_ros2_pkg/install/my_ros2_pkg/lib/my_ros2_pkg/listener
[0.718s] DEBUG:colcon.colcon_core.task.python.build:While undoing a previous installation files outside the Python library path are being ignored: /root/src/my_ros2_pkg/install/my_ros2_pkg/lib/my_ros2_pkg/talker
[0.724s] DEBUG:colcon.colcon_core.event_handler.log_command:Invoking command in '/root/src/my_ros2_pkg/build/my_ros2_pkg': PYTHONPATH=/root/src/my_ros2_pkg/build/my_ros2_pkg/prefix_override:/usr/lib/python3/dist-packages/colcon_core/task/python/colcon_distutils_commands:/root/src/my_ros2_pkg/install/my_ros2_pkg/lib/python3.10/site-packages:${PYTHONPATH} /usr/bin/python3 -W ignore:setup.py install is deprecated -W ignore:easy_install command is deprecated setup.py develop --editable --build-directory /root/src/my_ros2_pkg/build/my_ros2_pkg/build --no-deps symlink_data --force
[1.061s] Level 1:colcon.colcon_core.shell:create_environment_hook('my_ros2_pkg', 'pythonpath_develop')
[1.062s] INFO:colcon.colcon_core.shell:Creating environment hook '/root/src/my_ros2_pkg/build/my_ros2_pkg/share/my_ros2_pkg/hook/pythonpath_develop.ps1'
[1.063s] DEBUG:colcon.colcon_core.event_handler.log_command:Invoked command in '/root/src/my_ros2_pkg/build/my_ros2_pkg' returned '0': PYTHONPATH=/root/src/my_ros2_pkg/build/my_ros2_pkg/prefix_override:/usr/lib/python3/dist-packages/colcon_core/task/python/colcon_distutils_commands:/root/src/my_ros2_pkg/install/my_ros2_pkg/lib/python3.10/site-packages:${PYTHONPATH} /usr/bin/python3 -W ignore:setup.py install is deprecated -W ignore:easy_install command is deprecated setup.py develop --editable --build-directory /root/src/my_ros2_pkg/build/my_ros2_pkg/build --no-deps symlink_data --force
[1.064s] INFO:colcon.colcon_core.shell:Creating environment descriptor '/root/src/my_ros2_pkg/build/my_ros2_pkg/share/my_ros2_pkg/hook/pythonpath_develop.dsv'
[1.065s] INFO:colcon.colcon_core.shell:Creating environment hook '/root/src/my_ros2_pkg/build/my_ros2_pkg/share/my_ros2_pkg/hook/pythonpath_develop.sh'
[1.071s] Level 1:colcon.colcon_core.environment:checking '/root/src/my_ros2_pkg/install/my_ros2_pkg' for CMake module files
[1.072s] Level 1:colcon.colcon_core.environment:checking '/root/src/my_ros2_pkg/install/my_ros2_pkg' for CMake config files
[1.074s] Level 1:colcon.colcon_core.environment:checking '/root/src/my_ros2_pkg/install/my_ros2_pkg/lib'
[1.074s] Level 1:colcon.colcon_core.environment:checking '/root/src/my_ros2_pkg/install/my_ros2_pkg/bin'
[1.074s] Level 1:colcon.colcon_core.environment:checking '/root/src/my_ros2_pkg/install/my_ros2_pkg/lib/pkgconfig/my_ros2_pkg.pc'
[1.075s] Level 1:colcon.colcon_core.environment:checking '/root/src/my_ros2_pkg/install/my_ros2_pkg/lib/python3.10/site-packages'
[1.075s] Level 1:colcon.colcon_core.shell:create_environment_hook('my_ros2_pkg', 'pythonpath')
[1.075s] INFO:colcon.colcon_core.shell:Creating environment hook '/root/src/my_ros2_pkg/install/my_ros2_pkg/share/my_ros2_pkg/hook/pythonpath.ps1'
[1.076s] INFO:colcon.colcon_core.shell:Creating environment descriptor '/root/src/my_ros2_pkg/install/my_ros2_pkg/share/my_ros2_pkg/hook/pythonpath.dsv'
[1.077s] INFO:colcon.colcon_core.shell:Creating environment hook '/root/src/my_ros2_pkg/install/my_ros2_pkg/share/my_ros2_pkg/hook/pythonpath.sh'
[1.078s] Level 1:colcon.colcon_core.environment:checking '/root/src/my_ros2_pkg/install/my_ros2_pkg/bin'
[1.079s] Level 1:colcon.colcon_core.environment:create_environment_scripts_only(my_ros2_pkg)
[1.079s] INFO:colcon.colcon_core.shell:Creating package script '/root/src/my_ros2_pkg/install/my_ros2_pkg/share/my_ros2_pkg/package.ps1'
[1.081s] INFO:colcon.colcon_core.shell:Creating package descriptor '/root/src/my_ros2_pkg/install/my_ros2_pkg/share/my_ros2_pkg/package.dsv'
[1.083s] INFO:colcon.colcon_core.shell:Creating package script '/root/src/my_ros2_pkg/install/my_ros2_pkg/share/my_ros2_pkg/package.sh'
[1.084s] INFO:colcon.colcon_core.shell:Creating package script '/root/src/my_ros2_pkg/install/my_ros2_pkg/share/my_ros2_pkg/package.bash'
[1.086s] INFO:colcon.colcon_core.shell:Creating package script '/root/src/my_ros2_pkg/install/my_ros2_pkg/share/my_ros2_pkg/package.zsh'
[1.087s] Level 1:colcon.colcon_core.environment:create_file_with_runtime_dependencies(/root/src/my_ros2_pkg/install/my_ros2_pkg/share/colcon-core/packages/my_ros2_pkg)
[1.088s] DEBUG:colcon.colcon_parallel_executor.executor.parallel:closing loop
[1.089s] DEBUG:colcon.colcon_parallel_executor.executor.parallel:loop closed
[1.089s] DEBUG:colcon.colcon_parallel_executor.executor.parallel:run_until_complete finished with '0'
[1.089s] DEBUG:colcon.colcon_core.event_reactor:joining thread
[1.101s] INFO:colcon.colcon_core.plugin_system:Skipping extension 'colcon_notification.desktop_notification.notify_send': Could not find 'notify-send'
[1.101s] INFO:colcon.colcon_core.plugin_system:Skipping extension 'colcon_notification.desktop_notification.terminal_notifier': Not used on non-Darwin systems
[1.101s] INFO:colcon.colcon_core.plugin_system:Skipping extension 'colcon_notification.desktop_notification.win32': Not used on non-Windows systems
[1.101s] INFO:colcon.colcon_notification.desktop_notification:Sending desktop notification using 'notify2'
[1.108s] DEBUG:colcon.colcon_notification.desktop_notification.notify2:Failed to initialize notify2: org.freedesktop.DBus.Error.Spawn.ExecFailed: /usr/bin/dbus-launch terminated abnormally without any error message
[1.109s] DEBUG:colcon.colcon_core.event_reactor:joined thread
[1.110s] INFO:colcon.colcon_core.shell:Creating prefix script '/root/src/my_ros2_pkg/install/local_setup.ps1'
[1.113s] INFO:colcon.colcon_core.shell:Creating prefix util module '/root/src/my_ros2_pkg/install/_local_setup_util_ps1.py'
[1.116s] INFO:colcon.colcon_core.shell:Creating prefix chain script '/root/src/my_ros2_pkg/install/setup.ps1'
[1.118s] INFO:colcon.colcon_core.shell:Creating prefix script '/root/src/my_ros2_pkg/install/local_setup.sh'
[1.119s] INFO:colcon.colcon_core.shell:Creating prefix util module '/root/src/my_ros2_pkg/install/_local_setup_util_sh.py'
[1.121s] INFO:colcon.colcon_core.shell:Creating prefix chain script '/root/src/my_ros2_pkg/install/setup.sh'
[1.123s] INFO:colcon.colcon_core.shell:Creating prefix script '/root/src/my_ros2_pkg/install/local_setup.bash'
[1.124s] INFO:colcon.colcon_core.shell:Creating prefix chain script '/root/src/my_ros2_pkg/install/setup.bash'
[1.126s] INFO:colcon.colcon_core.shell:Creating prefix script '/root/src/my_ros2_pkg/install/local_setup.zsh'
[1.127s] INFO:colcon.colcon_core.shell:Creating prefix chain script '/root/src/my_ros2_pkg/install/setup.zsh'
