[0.099s] DEBUG:colcon:Command line arguments: ['/usr/bin/colcon', 'build', '--packages-select', 'ai_car_description']
[0.099s] DEBUG:colcon:Parsed command line arguments: Namespace(log_base=None, log_level=None, verb_name='build', build_base='build', install_base='install', merge_install=False, symlink_install=False, test_result_base=None, continue_on_error=False, executor='parallel', parallel_workers=16, event_handlers=None, ignore_user_meta=False, metas=['./colcon.meta'], base_paths=['.'], packages_ignore=None, packages_ignore_regex=None, paths=None, packages_up_to=None, packages_up_to_regex=None, packages_above=None, packages_above_and_dependencies=None, packages_above_depth=None, packages_select_by_dep=None, packages_skip_by_dep=None, packages_skip_up_to=None, packages_select_build_failed=False, packages_skip_build_finished=False, packages_select_test_failures=False, packages_skip_test_passed=False, packages_select=['ai_car_description'], packages_skip=None, packages_select_regex=None, packages_skip_regex=None, packages_start=None, packages_end=None, cmake_args=None, cmake_target=None, cmake_target_skip_unavailable=False, cmake_clean_cache=False, cmake_clean_first=False, cmake_force_configure=False, ament_cmake_args=None, catkin_cmake_args=None, catkin_skip_building_tests=False, mixin_files=None, mixin=None, verb_parser=<colcon_mixin.mixin.mixin_argument.MixinArgumentDecorator object at 0x7f456b52f580>, verb_extension=<colcon_core.verb.build.BuildVerb object at 0x7f456b760580>, main=<bound method BuildVerb.main of <colcon_core.verb.build.BuildVerb object at 0x7f456b760580>>, mixin_verb=('build',))
[0.216s] Level 1:colcon.colcon_core.package_discovery:discover_packages(colcon_meta) check parameters
[0.216s] INFO:colcon.colcon_metadata.package_discovery.colcon_meta:Using configuration from '/root/.colcon/metadata/default/Gazebo.meta'
[0.217s] INFO:colcon.colcon_metadata.package_discovery.colcon_meta:Using configuration from '/root/.colcon/metadata/default/fastdds.meta'
[0.217s] INFO:colcon.colcon_metadata.package_discovery.colcon_meta:Using configuration from '/root/.colcon/metadata/default/fastrtps.meta'
[0.217s] Level 1:colcon.colcon_core.package_discovery:discover_packages(recursive) check parameters
[0.217s] Level 1:colcon.colcon_core.package_discovery:discover_packages(ignore) check parameters
[0.217s] Level 1:colcon.colcon_core.package_discovery:discover_packages(path) check parameters
[0.217s] Level 1:colcon.colcon_core.package_discovery:discover_packages(colcon_meta) discover
[0.217s] Level 1:colcon.colcon_core.package_discovery:discover_packages(recursive) discover
[0.217s] INFO:colcon.colcon_core.package_discovery:Crawling recursively for packages in '/ai_car_ws/src/ai_car_description'
[0.217s] Level 1:colcon.colcon_core.package_identification:_identify(.) by extensions ['ignore', 'ignore_ament_install']
[0.218s] Level 1:colcon.colcon_core.package_identification:_identify(.) by extension 'ignore'
[0.218s] Level 1:colcon.colcon_core.package_identification:_identify(.) by extension 'ignore_ament_install'
[0.218s] Level 1:colcon.colcon_core.package_identification:_identify(.) by extensions ['colcon_pkg']
[0.218s] Level 1:colcon.colcon_core.package_identification:_identify(.) by extension 'colcon_pkg'
[0.218s] Level 1:colcon.colcon_core.package_identification:_identify(.) by extensions ['colcon_meta']
[0.218s] Level 1:colcon.colcon_core.package_identification:_identify(.) by extension 'colcon_meta'
[0.218s] Level 1:colcon.colcon_core.package_identification:_identify(.) by extensions ['ros']
[0.218s] Level 1:colcon.colcon_core.package_identification:_identify(.) by extension 'ros'
[0.229s] DEBUG:colcon.colcon_core.package_identification:Package '.' with type 'ros.ament_cmake' and name 'ai_car_description'
[0.229s] Level 1:colcon.colcon_core.package_discovery:discover_packages(recursive) using defaults
[0.229s] Level 1:colcon.colcon_core.package_discovery:discover_packages(ignore) discover
[0.229s] Level 1:colcon.colcon_core.package_discovery:discover_packages(ignore) using defaults
[0.229s] Level 1:colcon.colcon_core.package_discovery:discover_packages(path) discover
[0.229s] Level 1:colcon.colcon_core.package_discovery:discover_packages(path) using defaults
[0.245s] Level 5:colcon.colcon_core.verb:set package 'ai_car_description' build argument 'cmake_args' from command line to 'None'
[0.245s] Level 5:colcon.colcon_core.verb:set package 'ai_car_description' build argument 'cmake_target' from command line to 'None'
[0.245s] Level 5:colcon.colcon_core.verb:set package 'ai_car_description' build argument 'cmake_target_skip_unavailable' from command line to 'False'
[0.245s] Level 5:colcon.colcon_core.verb:set package 'ai_car_description' build argument 'cmake_clean_cache' from command line to 'False'
[0.245s] Level 5:colcon.colcon_core.verb:set package 'ai_car_description' build argument 'cmake_clean_first' from command line to 'False'
[0.245s] Level 5:colcon.colcon_core.verb:set package 'ai_car_description' build argument 'cmake_force_configure' from command line to 'False'
[0.245s] Level 5:colcon.colcon_core.verb:set package 'ai_car_description' build argument 'ament_cmake_args' from command line to 'None'
[0.245s] Level 5:colcon.colcon_core.verb:set package 'ai_car_description' build argument 'catkin_cmake_args' from command line to 'None'
[0.245s] Level 5:colcon.colcon_core.verb:set package 'ai_car_description' build argument 'catkin_skip_building_tests' from command line to 'False'
[0.245s] DEBUG:colcon.colcon_core.verb:Building package 'ai_car_description' with the following arguments: {'ament_cmake_args': None, 'build_base': '/ai_car_ws/src/ai_car_description/build/ai_car_description', 'catkin_cmake_args': None, 'catkin_skip_building_tests': False, 'cmake_args': None, 'cmake_clean_cache': False, 'cmake_clean_first': False, 'cmake_force_configure': False, 'cmake_target': None, 'cmake_target_skip_unavailable': False, 'install_base': '/ai_car_ws/src/ai_car_description/install/ai_car_description', 'merge_install': False, 'path': '/ai_car_ws/src/ai_car_description', 'symlink_install': False, 'test_result_base': None}
[0.245s] INFO:colcon.colcon_core.executor:Executing jobs using 'parallel' executor
[0.246s] DEBUG:colcon.colcon_parallel_executor.executor.parallel:run_until_complete
[0.246s] INFO:colcon.colcon_ros.task.ament_cmake.build:Building ROS package in '/ai_car_ws/src/ai_car_description' with build type 'ament_cmake'
[0.246s] INFO:colcon.colcon_cmake.task.cmake.build:Building CMake package in '/ai_car_ws/src/ai_car_description'
[0.249s] INFO:colcon.colcon_core.plugin_system:Skipping extension 'colcon_core.shell.bat': Not used on non-Windows systems
[0.249s] INFO:colcon.colcon_core.shell:Skip shell extension 'powershell' for command environment: Not usable outside of PowerShell
[0.249s] DEBUG:colcon.colcon_core.shell:Skip shell extension 'dsv' for command environment
[0.261s] DEBUG:colcon.colcon_core.event_handler.log_command:Invoking command in '/ai_car_ws/src/ai_car_description/build/ai_car_description': CMAKE_PREFIX_PATH=/opt/ros/humble /usr/bin/cmake /ai_car_ws/src/ai_car_description -DCMAKE_INSTALL_PREFIX=/ai_car_ws/src/ai_car_description/install/ai_car_description
[1.089s] DEBUG:colcon.colcon_core.event_handler.log_command:Invoked command in '/ai_car_ws/src/ai_car_description/build/ai_car_description' returned '0': CMAKE_PREFIX_PATH=/opt/ros/humble /usr/bin/cmake /ai_car_ws/src/ai_car_description -DCMAKE_INSTALL_PREFIX=/ai_car_ws/src/ai_car_description/install/ai_car_description
[1.092s] DEBUG:colcon.colcon_core.event_handler.log_command:Invoking command in '/ai_car_ws/src/ai_car_description/build/ai_car_description': CMAKE_PREFIX_PATH=/opt/ros/humble /usr/bin/cmake --build /ai_car_ws/src/ai_car_description/build/ai_car_description -- -j16 -l16
[1.139s] DEBUG:colcon.colcon_core.event_handler.log_command:Invoked command in '/ai_car_ws/src/ai_car_description/build/ai_car_description' returned '0': CMAKE_PREFIX_PATH=/opt/ros/humble /usr/bin/cmake --build /ai_car_ws/src/ai_car_description/build/ai_car_description -- -j16 -l16
[1.159s] DEBUG:colcon.colcon_core.event_handler.log_command:Invoking command in '/ai_car_ws/src/ai_car_description/build/ai_car_description': CMAKE_PREFIX_PATH=/opt/ros/humble /usr/bin/cmake --install /ai_car_ws/src/ai_car_description/build/ai_car_description
[1.172s] Level 1:colcon.colcon_core.environment:create_environment_scripts_only(ai_car_description)
[1.173s] DEBUG:colcon.colcon_core.event_handler.log_command:Invoked command in '/ai_car_ws/src/ai_car_description/build/ai_car_description' returned '0': CMAKE_PREFIX_PATH=/opt/ros/humble /usr/bin/cmake --install /ai_car_ws/src/ai_car_description/build/ai_car_description
[1.179s] Level 1:colcon.colcon_core.environment:checking '/ai_car_ws/src/ai_car_description/install/ai_car_description' for CMake module files
[1.180s] Level 1:colcon.colcon_core.environment:checking '/ai_car_ws/src/ai_car_description/install/ai_car_description' for CMake config files
[1.181s] Level 1:colcon.colcon_core.shell:create_environment_hook('ai_car_description', 'cmake_prefix_path')
[1.181s] INFO:colcon.colcon_core.shell:Creating environment hook '/ai_car_ws/src/ai_car_description/install/ai_car_description/share/ai_car_description/hook/cmake_prefix_path.ps1'
[1.183s] INFO:colcon.colcon_core.shell:Creating environment descriptor '/ai_car_ws/src/ai_car_description/install/ai_car_description/share/ai_car_description/hook/cmake_prefix_path.dsv'
[1.184s] INFO:colcon.colcon_core.shell:Creating environment hook '/ai_car_ws/src/ai_car_description/install/ai_car_description/share/ai_car_description/hook/cmake_prefix_path.sh'
[1.186s] Level 1:colcon.colcon_core.environment:checking '/ai_car_ws/src/ai_car_description/install/ai_car_description/bin'
[1.186s] Level 1:colcon.colcon_core.environment:checking '/ai_car_ws/src/ai_car_description/install/ai_car_description/lib/pkgconfig/ai_car_description.pc'
[1.190s] Level 1:colcon.colcon_core.environment:checking '/ai_car_ws/src/ai_car_description/install/ai_car_description/lib/python3.10/site-packages'
[1.191s] Level 1:colcon.colcon_core.environment:checking '/ai_car_ws/src/ai_car_description/install/ai_car_description/bin'
[1.191s] INFO:colcon.colcon_core.shell:Creating package script '/ai_car_ws/src/ai_car_description/install/ai_car_description/share/ai_car_description/package.ps1'
[1.193s] INFO:colcon.colcon_core.shell:Creating package descriptor '/ai_car_ws/src/ai_car_description/install/ai_car_description/share/ai_car_description/package.dsv'
[1.195s] INFO:colcon.colcon_core.shell:Creating package script '/ai_car_ws/src/ai_car_description/install/ai_car_description/share/ai_car_description/package.sh'
[1.196s] INFO:colcon.colcon_core.shell:Creating package script '/ai_car_ws/src/ai_car_description/install/ai_car_description/share/ai_car_description/package.bash'
[1.198s] INFO:colcon.colcon_core.shell:Creating package script '/ai_car_ws/src/ai_car_description/install/ai_car_description/share/ai_car_description/package.zsh'
[1.199s] Level 1:colcon.colcon_core.environment:create_file_with_runtime_dependencies(/ai_car_ws/src/ai_car_description/install/ai_car_description/share/colcon-core/packages/ai_car_description)
[1.201s] Level 1:colcon.colcon_core.environment:create_environment_scripts_only(ai_car_description)
[1.201s] Level 1:colcon.colcon_core.environment:checking '/ai_car_ws/src/ai_car_description/install/ai_car_description' for CMake module files
[1.202s] Level 1:colcon.colcon_core.environment:checking '/ai_car_ws/src/ai_car_description/install/ai_car_description' for CMake config files
[1.203s] Level 1:colcon.colcon_core.shell:create_environment_hook('ai_car_description', 'cmake_prefix_path')
[1.204s] INFO:colcon.colcon_core.shell:Creating environment hook '/ai_car_ws/src/ai_car_description/install/ai_car_description/share/ai_car_description/hook/cmake_prefix_path.ps1'
[1.205s] INFO:colcon.colcon_core.shell:Creating environment descriptor '/ai_car_ws/src/ai_car_description/install/ai_car_description/share/ai_car_description/hook/cmake_prefix_path.dsv'
[1.206s] INFO:colcon.colcon_core.shell:Creating environment hook '/ai_car_ws/src/ai_car_description/install/ai_car_description/share/ai_car_description/hook/cmake_prefix_path.sh'
[1.207s] Level 1:colcon.colcon_core.environment:checking '/ai_car_ws/src/ai_car_description/install/ai_car_description/bin'
[1.207s] Level 1:colcon.colcon_core.environment:checking '/ai_car_ws/src/ai_car_description/install/ai_car_description/lib/pkgconfig/ai_car_description.pc'
[1.208s] Level 1:colcon.colcon_core.environment:checking '/ai_car_ws/src/ai_car_description/install/ai_car_description/lib/python3.10/site-packages'
[1.208s] Level 1:colcon.colcon_core.environment:checking '/ai_car_ws/src/ai_car_description/install/ai_car_description/bin'
[1.209s] INFO:colcon.colcon_core.shell:Creating package script '/ai_car_ws/src/ai_car_description/install/ai_car_description/share/ai_car_description/package.ps1'
[1.210s] INFO:colcon.colcon_core.shell:Creating package descriptor '/ai_car_ws/src/ai_car_description/install/ai_car_description/share/ai_car_description/package.dsv'
[1.211s] INFO:colcon.colcon_core.shell:Creating package script '/ai_car_ws/src/ai_car_description/install/ai_car_description/share/ai_car_description/package.sh'
[1.213s] INFO:colcon.colcon_core.shell:Creating package script '/ai_car_ws/src/ai_car_description/install/ai_car_description/share/ai_car_description/package.bash'
[1.214s] INFO:colcon.colcon_core.shell:Creating package script '/ai_car_ws/src/ai_car_description/install/ai_car_description/share/ai_car_description/package.zsh'
[1.215s] Level 1:colcon.colcon_core.environment:create_file_with_runtime_dependencies(/ai_car_ws/src/ai_car_description/install/ai_car_description/share/colcon-core/packages/ai_car_description)
[1.216s] DEBUG:colcon.colcon_parallel_executor.executor.parallel:closing loop
[1.216s] DEBUG:colcon.colcon_parallel_executor.executor.parallel:loop closed
[1.216s] DEBUG:colcon.colcon_parallel_executor.executor.parallel:run_until_complete finished with '0'
[1.217s] DEBUG:colcon.colcon_core.event_reactor:joining thread
[1.233s] INFO:colcon.colcon_core.plugin_system:Skipping extension 'colcon_notification.desktop_notification.notify_send': Could not find 'notify-send'
[1.233s] INFO:colcon.colcon_core.plugin_system:Skipping extension 'colcon_notification.desktop_notification.terminal_notifier': Not used on non-Darwin systems
[1.234s] INFO:colcon.colcon_core.plugin_system:Skipping extension 'colcon_notification.desktop_notification.win32': Not used on non-Windows systems
[1.234s] INFO:colcon.colcon_notification.desktop_notification:Sending desktop notification using 'notify2'
[1.241s] DEBUG:colcon.colcon_notification.desktop_notification.notify2:Failed to initialize notify2: org.freedesktop.DBus.Error.Spawn.ExecFailed: /usr/bin/dbus-launch terminated abnormally without any error message
[1.242s] DEBUG:colcon.colcon_core.event_reactor:joined thread
[1.244s] INFO:colcon.colcon_core.shell:Creating prefix script '/ai_car_ws/src/ai_car_description/install/local_setup.ps1'
[1.247s] INFO:colcon.colcon_core.shell:Creating prefix util module '/ai_car_ws/src/ai_car_description/install/_local_setup_util_ps1.py'
[1.251s] INFO:colcon.colcon_core.shell:Creating prefix chain script '/ai_car_ws/src/ai_car_description/install/setup.ps1'
[1.253s] INFO:colcon.colcon_core.shell:Creating prefix script '/ai_car_ws/src/ai_car_description/install/local_setup.sh'
[1.255s] INFO:colcon.colcon_core.shell:Creating prefix util module '/ai_car_ws/src/ai_car_description/install/_local_setup_util_sh.py'
[1.256s] INFO:colcon.colcon_core.shell:Creating prefix chain script '/ai_car_ws/src/ai_car_description/install/setup.sh'
[1.258s] INFO:colcon.colcon_core.shell:Creating prefix script '/ai_car_ws/src/ai_car_description/install/local_setup.bash'
[1.260s] INFO:colcon.colcon_core.shell:Creating prefix chain script '/ai_car_ws/src/ai_car_description/install/setup.bash'
[1.261s] INFO:colcon.colcon_core.shell:Creating prefix script '/ai_car_ws/src/ai_car_description/install/local_setup.zsh'
[1.262s] INFO:colcon.colcon_core.shell:Creating prefix chain script '/ai_car_ws/src/ai_car_description/install/setup.zsh'
